<?xml version="1.0" encoding="UTF-8"?>
<!-- Generated by org.testng.reporters.JUnitXMLReporter -->
<testsuite hostname="LAPTOP-RB177F2V" ignored="0" name="Test" tests="14" failures="2" timestamp="20 Dec 2018 07:52:06 GMT" time="13.184" errors="0">
  <testcase name="testfour" time="0.008" classname="seleniumdemo.BatchFileThree$SkipTestCase"/>
  <testcase name="testone" time="0.001" classname="seleniumdemo.BatchFileThree$SkipTestCase"/>
  <testcase name="testtwo" time="0.004" classname="seleniumdemo.BatchFileThree$SkipTestCase">
    <skipped/>
  </testcase> <!-- testtwo -->
  <testcase name="method1" time="0.011" classname="seleniumdemo.BatchFileTwo">
    <failure type="java.lang.AssertionError" message="expected [Abhay] but found [veena]">
      <![CDATA[java.lang.AssertionError: expected [Abhay] but found [veena]
at seleniumdemo.BatchFileTwo.method1(BatchFileTwo.java:18)
... Removed 31 stack frames]]>
    </failure>
  </testcase> <!-- method1 -->
  <testcase name="method2" time="0.005" classname="seleniumdemo.BatchFileTwo">
    <failure type="java.lang.AssertionError" message="expected [Abhay] but found [veena]">
      <![CDATA[java.lang.AssertionError: expected [Abhay] but found [veena]
at seleniumdemo.BatchFileTwo.method2(BatchFileTwo.java:28)
... Removed 31 stack frames]]>
    </failure>
  </testcase> <!-- method2 -->
  <testcase name="method3" time="0.005" classname="seleniumdemo.BatchFileTwo"/>
  <testcase name="testone" time="0.001" classname="seleniumdemo.BatchFileOne$SkipTestCase"/>
  <testcase name="testtwo" time="0.005" classname="seleniumdemo.BatchFileOne$SkipTestCase">
    <skipped/>
  </testcase> <!-- testtwo -->
  <testcase name="testtwo" time="0.002" classname="seleniumdemo.SkipTestCase">
    <skipped/>
  </testcase> <!-- testtwo -->
  <testcase name="testfour" time="0.0" classname="seleniumdemo.SkipTestCase"/>
  <testcase name="testone" time="0.001" classname="seleniumdemo.SkipTestCase"/>
  <testcase name="testthree" time="0.0" classname="seleniumdemo.BatchFileOne$SkipTestCase">
    <skipped/>
  </testcase> <!-- testthree -->
  <testcase name="testthree" time="0.0" classname="seleniumdemo.SkipTestCase">
    <skipped/>
  </testcase> <!-- testthree -->
  <testcase name="logincheck" time="0.476" classname="seleniumdemo.AnnotationFacebook"/>
</testsuite> <!-- Test -->
